<?xml version='1.0' encoding='UTF-8'?>
<testsuite hostname="DESKTOP-62LQ6GO" name="com.lightbend.training.coffeehouse.CoffeeHouseAppSpec" tests="2" errors="0" failures="0" skipped="0" time="0.04" timestamp="2020-10-11T21:00:13">
                     <properties>
[...]
</properties>
                     <testcase classname="com.lightbend.training.coffeehouse.CoffeeHouseAppSpec" name="Calling argsToOpts should return the correct opts for the given args" time="0.032">
                                                 
                                               </testcase><testcase classname="com.lightbend.training.coffeehouse.CoffeeHouseAppSpec" name="Calling applySystemProperties should apply the system properties for the given opts" time="0.008">
                                                 
                                               </testcase>
                     <system-out><![CDATA[]]></system-out>
                     <system-err><![CDATA[]]></system-err>
                   </testsuite>